16:53:49 **** Incremental Build of configuration Debug for project P1EC ****
cs-make all 
'Building file: ../main.c'
'Invoking: ARM Sourcery Windows GCC C Compiler'
arm-none-eabi-gcc -O0 -Wall -Wa,-adhlns="main.o.lst" -c -fmessage-length=0 -mapcs-frame -MMD -MP -MF"main.d" -MT"main.d" -mcpu=arm7tdmi -g3 -gdwarf-2 -o "main.o" "../main.c"
In file included from ../trafo.h:22:0,
                 from ../main.c:35:
../misc.asm:19:1: error: expected identifier or '(' before '.' token
../misc.asm:23:8: error: expected '=', ',', ';', 'asm' or '__attribute__' before 'fp'
../misc.asm:23:8: error: stray '#' in program
../misc.asm:24:4: error: stray '#' in program
../misc.asm:25:4: error: stray '#' in program
../misc.asm:26:4: error: stray '#' in program
../misc.asm:30:7: error: expected '=', ',', ';', 'asm' or '__attribute__' before 'div16384'
../misc.asm:32:8: error: expected '=', ',', ';', 'asm' or '__attribute__' before 'pc'
../misc.asm:37:7: error: expected '=', ',', ';', 'asm' or '__attribute__' before 'fp'
../misc.asm:37:7: error: stray '#' in program
../misc.asm:39:3: error: stray '#' in program
../misc.asm:40:1: error: stray '#' in program
../misc.asm:42:3: error: stray '#' in program
../misc.asm:46:7: error: expected '=', ',', ';', 'asm' or '__attribute__' before 'pc'
../main.c: In function 'main':
../main.c:85:5: warning: implicit declaration of function 'RGB2GrayMatrix'
cs-make: *** [main.o] Error 1

16:53:49 Build Finished (took 172ms)

